  Compiling CUDA source file 10_6.cu...
  
  C:\Users\82103\source\repos\HelloCUDA\LargeDataSharedMemoryMgmt>"C:\Program Files\NVIDIA GPU Computing Toolkit\CUDA\v12.5\bin\nvcc.exe" -gencode=arch=compute_52,code=\"sm_52,compute_52\" --use-local-env -ccbin "C:\Program Files\Microsoft Visual Studio\2022\Community\VC\Tools\MSVC\14.41.34120\bin\HostX64\x64" -x cu   -I"C:\Program Files\NVIDIA GPU Computing Toolkit\CUDA\v12.5\include" -I"C:\Program Files\NVIDIA GPU Computing Toolkit\CUDA\v12.5\include"  -G   --keep-dir x64\Debug  -maxrregcount=0   --machine 64 --compile -cudart static  -g  -DWIN32 -DWIN64 -D_DEBUG -D_CONSOLE -D_MBCS -Xcompiler "/EHsc /W3 /nologo /Od /FS /Zi /RTC1 /MDd " -Xcompiler "/Fdx64\Debug\vc143.pdb" -o C:\Users\82103\source\repos\HelloCUDA\LargeDataSharedMemoryMgmt\x64\Debug\10_6.cu.obj "C:\Users\82103\source\repos\HelloCUDA\LargeDataSharedMemoryMgmt\10_6.cu" 
C:\Program Files\NVIDIA GPU Computing Toolkit\CUDA\v12.5\include\driver_types.h(1327): warning C4819: The file contains a character that cannot be represented in the current code page (949). Save the file in Unicode format to prevent data loss
C:\Program Files\NVIDIA GPU Computing Toolkit\CUDA\v12.5\include\driver_types.h(1327): warning C4819: The file contains a character that cannot be represented in the current code page (949). Save the file in Unicode format to prevent data loss
C:\Program Files\NVIDIA GPU Computing Toolkit\CUDA\v12.5\include\driver_types.h(1327): warning C4819: The file contains a character that cannot be represented in the current code page (949). Save the file in Unicode format to prevent data loss
C:\Program Files\NVIDIA GPU Computing Toolkit\CUDA\v12.5\include\driver_types.h(1327): warning C4819: The file contains a character that cannot be represented in the current code page (949). Save the file in Unicode format to prevent data loss
C:\Program Files\NVIDIA GPU Computing Toolkit\CUDA\v12.5\include\driver_types.h(1327): warning C4819: The file contains a character that cannot be represented in the current code page (949). Save the file in Unicode format to prevent data loss
C:\Program Files\NVIDIA GPU Computing Toolkit\CUDA\v12.5\include\cuda_runtime_api.h(11730): warning C4819: The file contains a character that cannot be represented in the current code page (949). Save the file in Unicode format to prevent data loss
C:\Program Files\NVIDIA GPU Computing Toolkit\CUDA\v12.5\include\cuda_runtime_api.h(11730): warning C4819: The file contains a character that cannot be represented in the current code page (949). Save the file in Unicode format to prevent data loss
C:\Program Files\NVIDIA GPU Computing Toolkit\CUDA\v12.5\include\driver_types.h(1327): warning C4819: The file contains a character that cannot be represented in the current code page (949). Save the file in Unicode format to prevent data loss
C:\Program Files\NVIDIA GPU Computing Toolkit\CUDA\v12.5\include\driver_types.h(1327): warning C4819: The file contains a character that cannot be represented in the current code page (949). Save the file in Unicode format to prevent data loss
C:\Program Files\NVIDIA GPU Computing Toolkit\CUDA\v12.5\include\cuda_runtime_api.h(11730): warning C4819: The file contains a character that cannot be represented in the current code page (949). Save the file in Unicode format to prevent data loss
C:\Program Files\NVIDIA GPU Computing Toolkit\CUDA\v12.5\include\cuda_runtime_api.h(11730): warning C4819: The file contains a character that cannot be represented in the current code page (949). Save the file in Unicode format to prevent data loss
C:\Program Files\NVIDIA GPU Computing Toolkit\CUDA\v12.5\include\driver_types.h(1327): warning C4819: The file contains a character that cannot be represented in the current code page (949). Save the file in Unicode format to prevent data loss
C:\Program Files\NVIDIA GPU Computing Toolkit\CUDA\v12.5\include\driver_types.h(1327): warning C4819: The file contains a character that cannot be represented in the current code page (949). Save the file in Unicode format to prevent data loss
C:\Program Files\NVIDIA GPU Computing Toolkit\CUDA\v12.5\include\driver_types.h(1327): warning C4819: The file contains a character that cannot be represented in the current code page (949). Save the file in Unicode format to prevent data loss
C:\Program Files\NVIDIA GPU Computing Toolkit\CUDA\v12.5\include\driver_types.h(1327): warning C4819: The file contains a character that cannot be represented in the current code page (949). Save the file in Unicode format to prevent data loss
C:\Program Files\NVIDIA GPU Computing Toolkit\CUDA\v12.5\include\driver_types.h(1327): warning C4819: The file contains a character that cannot be represented in the current code page (949). Save the file in Unicode format to prevent data loss
C:\Program Files\NVIDIA GPU Computing Toolkit\CUDA\v12.5\include\cuda_runtime_api.h(11730): warning C4819: The file contains a character that cannot be represented in the current code page (949). Save the file in Unicode format to prevent data loss
C:\Program Files\NVIDIA GPU Computing Toolkit\CUDA\v12.5\include\cuda_runtime_api.h(11730): warning C4819: The file contains a character that cannot be represented in the current code page (949). Save the file in Unicode format to prevent data loss
C:\Program Files\NVIDIA GPU Computing Toolkit\CUDA\v12.5\include\driver_types.h(1327): warning C4819: The file contains a character that cannot be represented in the current code page (949). Save the file in Unicode format to prevent data loss
C:\Program Files\NVIDIA GPU Computing Toolkit\CUDA\v12.5\include\driver_types.h(1327): warning C4819: The file contains a character that cannot be represented in the current code page (949). Save the file in Unicode format to prevent data loss
C:\Program Files\NVIDIA GPU Computing Toolkit\CUDA\v12.5\include\cuda_runtime_api.h(11730): warning C4819: The file contains a character that cannot be represented in the current code page (949). Save the file in Unicode format to prevent data loss
C:\Program Files\NVIDIA GPU Computing Toolkit\CUDA\v12.5\include\cuda_runtime_api.h(11730): warning C4819: The file contains a character that cannot be represented in the current code page (949). Save the file in Unicode format to prevent data loss
C:\Program Files\NVIDIA GPU Computing Toolkit\CUDA\v12.5\include\cuda_runtime_api.h(11730): warning C4819: The file contains a character that cannot be represented in the current code page (949). Save the file in Unicode format to prevent data loss
C:\Program Files\NVIDIA GPU Computing Toolkit\CUDA\v12.5\include\cuda_runtime_api.h(11730): warning C4819: The file contains a character that cannot be represented in the current code page (949). Save the file in Unicode format to prevent data loss
C:\Program Files\NVIDIA GPU Computing Toolkit\CUDA\v12.5\include\cuda_runtime_api.h(11730): warning C4819: The file contains a character that cannot be represented in the current code page (949). Save the file in Unicode format to prevent data loss
C:\Program Files\NVIDIA GPU Computing Toolkit\CUDA\v12.5\include\cuda_runtime_api.h(11730): warning C4819: The file contains a character that cannot be represented in the current code page (949). Save the file in Unicode format to prevent data loss
C:\Program Files\NVIDIA GPU Computing Toolkit\CUDA\v12.5\include\cuda_runtime_api.h(11730): warning C4819: The file contains a character that cannot be represented in the current code page (949). Save the file in Unicode format to prevent data loss
C:\Program Files\NVIDIA GPU Computing Toolkit\CUDA\v12.5\include\driver_types.h(1327): warning C4819: The file contains a character that cannot be represented in the current code page (949). Save the file in Unicode format to prevent data loss
C:\Program Files\NVIDIA GPU Computing Toolkit\CUDA\v12.5\include\driver_types.h(1327): warning C4819: The file contains a character that cannot be represented in the current code page (949). Save the file in Unicode format to prevent data loss
C:\Program Files\NVIDIA GPU Computing Toolkit\CUDA\v12.5\include\driver_types.h(1327): warning C4819: The file contains a character that cannot be represented in the current code page (949). Save the file in Unicode format to prevent data loss
C:\Program Files\NVIDIA GPU Computing Toolkit\CUDA\v12.5\include\cuda_runtime_api.h(11730): warning C4819: The file contains a character that cannot be represented in the current code page (949). Save the file in Unicode format to prevent data loss
C:\Program Files\NVIDIA GPU Computing Toolkit\CUDA\v12.5\include\cuda_runtime_api.h(11730): warning C4819: The file contains a character that cannot be represented in the current code page (949). Save the file in Unicode format to prevent data loss
C:\Program Files\NVIDIA GPU Computing Toolkit\CUDA\v12.5\include\driver_types.h(1327): warning C4819: The file contains a character that cannot be represented in the current code page (949). Save the file in Unicode format to prevent data loss
C:\Program Files\NVIDIA GPU Computing Toolkit\CUDA\v12.5\include\driver_types.h(1327): warning C4819: The file contains a character that cannot be represented in the current code page (949). Save the file in Unicode format to prevent data loss
C:\Program Files\NVIDIA GPU Computing Toolkit\CUDA\v12.5\include\driver_types.h(1327): warning C4819: The file contains a character that cannot be represented in the current code page (949). Save the file in Unicode format to prevent data loss
C:\Program Files\NVIDIA GPU Computing Toolkit\CUDA\v12.5\include\driver_types.h(1327): warning C4819: The file contains a character that cannot be represented in the current code page (949). Save the file in Unicode format to prevent data loss
C:\Program Files\NVIDIA GPU Computing Toolkit\CUDA\v12.5\include\driver_types.h(1327): warning C4819: The file contains a character that cannot be represented in the current code page (949). Save the file in Unicode format to prevent data loss
C:\Program Files\NVIDIA GPU Computing Toolkit\CUDA\v12.5\include\cuda_runtime_api.h(11730): warning C4819: The file contains a character that cannot be represented in the current code page (949). Save the file in Unicode format to prevent data loss
C:\Program Files\NVIDIA GPU Computing Toolkit\CUDA\v12.5\include\cuda_runtime_api.h(11730): warning C4819: The file contains a character that cannot be represented in the current code page (949). Save the file in Unicode format to prevent data loss
C:\Program Files\NVIDIA GPU Computing Toolkit\CUDA\v12.5\include\driver_types.h(1327): warning C4819: The file contains a character that cannot be represented in the current code page (949). Save the file in Unicode format to prevent data loss
C:\Program Files\NVIDIA GPU Computing Toolkit\CUDA\v12.5\include\driver_types.h(1327): warning C4819: The file contains a character that cannot be represented in the current code page (949). Save the file in Unicode format to prevent data loss
C:\Program Files\NVIDIA GPU Computing Toolkit\CUDA\v12.5\include\cuda_runtime_api.h(11730): warning C4819: The file contains a character that cannot be represented in the current code page (949). Save the file in Unicode format to prevent data loss
C:\Program Files\NVIDIA GPU Computing Toolkit\CUDA\v12.5\include\cuda_runtime_api.h(11730): warning C4819: The file contains a character that cannot be represented in the current code page (949). Save the file in Unicode format to prevent data loss
C:\Program Files\NVIDIA GPU Computing Toolkit\CUDA\v12.5\include\driver_types.h(1327): warning C4819: The file contains a character that cannot be represented in the current code page (949). Save the file in Unicode format to prevent data loss
C:\Program Files\NVIDIA GPU Computing Toolkit\CUDA\v12.5\include\driver_types.h(1327): warning C4819: The file contains a character that cannot be represented in the current code page (949). Save the file in Unicode format to prevent data loss
C:\Program Files\NVIDIA GPU Computing Toolkit\CUDA\v12.5\include\driver_types.h(1327): warning C4819: The file contains a character that cannot be represented in the current code page (949). Save the file in Unicode format to prevent data loss
C:\Program Files\NVIDIA GPU Computing Toolkit\CUDA\v12.5\include\driver_types.h(1327): warning C4819: The file contains a character that cannot be represented in the current code page (949). Save the file in Unicode format to prevent data loss
C:\Program Files\NVIDIA GPU Computing Toolkit\CUDA\v12.5\include\driver_types.h(1327): warning C4819: The file contains a character that cannot be represented in the current code page (949). Save the file in Unicode format to prevent data loss
C:\Program Files\NVIDIA GPU Computing Toolkit\CUDA\v12.5\include\cuda_runtime_api.h(11730): warning C4819: The file contains a character that cannot be represented in the current code page (949). Save the file in Unicode format to prevent data loss
C:\Program Files\NVIDIA GPU Computing Toolkit\CUDA\v12.5\include\cuda_runtime_api.h(11730): warning C4819: The file contains a character that cannot be represented in the current code page (949). Save the file in Unicode format to prevent data loss
C:\Program Files\NVIDIA GPU Computing Toolkit\CUDA\v12.5\include\cuda_runtime_api.h(11730): warning C4819: The file contains a character that cannot be represented in the current code page (949). Save the file in Unicode format to prevent data loss
C:\Program Files\NVIDIA GPU Computing Toolkit\CUDA\v12.5\include\cuda_runtime_api.h(11730): warning C4819: The file contains a character that cannot be represented in the current code page (949). Save the file in Unicode format to prevent data loss
C:\Program Files\NVIDIA GPU Computing Toolkit\CUDA\v12.5\include\driver_types.h(1327): warning C4819: The file contains a character that cannot be represented in the current code page (949). Save the file in Unicode format to prevent data loss
C:\Program Files\NVIDIA GPU Computing Toolkit\CUDA\v12.5\include\driver_types.h(1327): warning C4819: The file contains a character that cannot be represented in the current code page (949). Save the file in Unicode format to prevent data loss
C:\Program Files\NVIDIA GPU Computing Toolkit\CUDA\v12.5\include\cuda_runtime_api.h(11730): warning C4819: The file contains a character that cannot be represented in the current code page (949). Save the file in Unicode format to prevent data loss
C:\Program Files\NVIDIA GPU Computing Toolkit\CUDA\v12.5\include\cuda_runtime_api.h(11730): warning C4819: The file contains a character that cannot be represented in the current code page (949). Save the file in Unicode format to prevent data loss
C:\Program Files\NVIDIA GPU Computing Toolkit\CUDA\v12.5\include\cuda_runtime_api.h(11730): warning C4819: The file contains a character that cannot be represented in the current code page (949). Save the file in Unicode format to prevent data loss
C:\Program Files\NVIDIA GPU Computing Toolkit\CUDA\v12.5\include\cuda_runtime_api.h(11730): warning C4819: The file contains a character that cannot be represented in the current code page (949). Save the file in Unicode format to prevent data loss
C:\Program Files\NVIDIA GPU Computing Toolkit\CUDA\v12.5\include\cuda_runtime_api.h(11730): warning C4819: The file contains a character that cannot be represented in the current code page (949). Save the file in Unicode format to prevent data loss
C:\Program Files\NVIDIA GPU Computing Toolkit\CUDA\v12.5\include\cuda_runtime_api.h(11730): warning C4819: The file contains a character that cannot be represented in the current code page (949). Save the file in Unicode format to prevent data loss
C:\Program Files\NVIDIA GPU Computing Toolkit\CUDA\v12.5\include\cuda_runtime_api.h(11730): warning C4819: The file contains a character that cannot be represented in the current code page (949). Save the file in Unicode format to prevent data loss
C:\Program Files\NVIDIA GPU Computing Toolkit\CUDA\v12.5\include\cuda_runtime_api.h(11730): warning C4819: The file contains a character that cannot be represented in the current code page (949). Save the file in Unicode format to prevent data loss
C:\Program Files\NVIDIA GPU Computing Toolkit\CUDA\v12.5\include\cuda_runtime_api.h(11730): warning C4819: The file contains a character that cannot be represented in the current code page (949). Save the file in Unicode format to prevent data loss
C:\Program Files\NVIDIA GPU Computing Toolkit\CUDA\v12.5\include\cuda_runtime_api.h(11730): warning C4819: The file contains a character that cannot be represented in the current code page (949). Save the file in Unicode format to prevent data loss
C:\Program Files\NVIDIA GPU Computing Toolkit\CUDA\v12.5\include\cuda_runtime_api.h(11730): warning C4819: The file contains a character that cannot be represented in the current code page (949). Save the file in Unicode format to prevent data loss
C:\Program Files\NVIDIA GPU Computing Toolkit\CUDA\v12.5\include\cuda_runtime_api.h(11730): warning C4819: The file contains a character that cannot be represented in the current code page (949). Save the file in Unicode format to prevent data loss
  10_6.cu
  tmpxft_000066c4_00000000-7_10_6.cudafe1.cpp
C:\Program Files\NVIDIA GPU Computing Toolkit\CUDA\v12.5\include\driver_types.h(1327): warning C4819: The file contains a character that cannot be represented in the current code page (949). Save the file in Unicode format to prevent data loss
C:\Program Files\NVIDIA GPU Computing Toolkit\CUDA\v12.5\include\driver_types.h(1327): warning C4819: The file contains a character that cannot be represented in the current code page (949). Save the file in Unicode format to prevent data loss
C:\Program Files\NVIDIA GPU Computing Toolkit\CUDA\v12.5\include\driver_types.h(1327): warning C4819: The file contains a character that cannot be represented in the current code page (949). Save the file in Unicode format to prevent data loss
C:\Users\82103\source\repos\HelloCUDA\LargeDataSharedMemoryMgmt\10_6.cu(103): warning C4244: '=': conversion from 'double' to 'int', possible loss of data
C:\Users\82103\source\repos\HelloCUDA\LargeDataSharedMemoryMgmt\10_6.cu(104): warning C4244: '=': conversion from 'double' to 'int', possible loss of data
C:\Users\82103\source\repos\HelloCUDA\LargeDataSharedMemoryMgmt\10_6.cu(145): warning C4244: 'argument': conversion from 'float' to 'unsigned int', possible loss of data
C:\Users\82103\source\repos\HelloCUDA\LargeDataSharedMemoryMgmt\10_6.cu(145): warning C4244: 'argument': conversion from 'float' to 'unsigned int', possible loss of data
C:\Users\82103\source\repos\HelloCUDA\LargeDataSharedMemoryMgmt\10_6.cu(189): warning C4477: 'printf' : format string '%f' requires an argument of type 'double', but variadic argument 2 has type 'int'
C:\Users\82103\source\repos\HelloCUDA\LargeDataSharedMemoryMgmt\10_6.cu(189): warning C4477: 'printf' : format string '%f' requires an argument of type 'double', but variadic argument 3 has type 'int'
C:\Users\82103\source\repos\HelloCUDA\LargeDataSharedMemoryMgmt\10_6.cu(219): warning C4244: 'argument': conversion from 'float' to 'unsigned int', possible loss of data
C:\Users\82103\source\repos\HelloCUDA\LargeDataSharedMemoryMgmt\10_6.cu(219): warning C4244: 'argument': conversion from 'float' to 'unsigned int', possible loss of data
C:\Users\82103\source\repos\HelloCUDA\LargeDataSharedMemoryMgmt\10_6.cu(236): warning C4267: '+=': conversion from 'size_t' to 'int', possible loss of data
  C:\Users\82103\source\repos\HelloCUDA\LargeDataSharedMemoryMgmt\10_6.cu(236): note: the template instantiation context (the oldest one first) is
  C:\Users\82103\source\repos\HelloCUDA\LargeDataSharedMemoryMgmt\10_6.cu(95): note: see reference to function template instantiation 'void allocNinitMem<int>(T **,__int64,int *)' being compiled
          with
          [
              T=int
          ]
  DS_timer.cpp
     Creating library C:\Users\82103\source\repos\HelloCUDA\x64\Debug\LargeDataSharedMemoryMgmt.lib and object C:\Users\82103\source\repos\HelloCUDA\x64\Debug\LargeDataSharedMemoryMgmt.exp
LINK : warning LNK4098: defaultlib 'LIBCMT' conflicts with use of other libs; use /NODEFAULTLIB:library
  LargeDataSharedMemoryMgmt.vcxproj -> C:\Users\82103\source\repos\HelloCUDA\x64\Debug\LargeDataSharedMemoryMgmt.exe
