  Compiling CUDA source file ..\..\..\..\Downloads\MatMul_skeleton.cu...
  
  C:\Users\82103\source\repos\HelloCUDA\LargeMatrixMultiplication>"C:\Program Files\NVIDIA GPU Computing Toolkit\CUDA\v12.5\bin\nvcc.exe" -gencode=arch=compute_52,code=\"sm_52,compute_52\" --use-local-env -ccbin "C:\Program Files\Microsoft Visual Studio\2022\Community\VC\Tools\MSVC\14.41.34120\bin\HostX64\x64" -x cu   -I"C:\Program Files\NVIDIA GPU Computing Toolkit\CUDA\v12.5\include" -I"C:\Program Files\NVIDIA GPU Computing Toolkit\CUDA\v12.5\include"  -G   --keep-dir x64\Debug  -maxrregcount=32   --machine 64 --compile -cudart static  -g  -DWIN32 -DWIN64 -D_DEBUG -D_CONSOLE -D_MBCS -Xcompiler "/EHsc /W3 /nologo /Od /FS /Zi /RTC1 /MDd " -Xcompiler "/Fdx64\Debug\vc143.pdb" -o C:\Users\82103\source\repos\HelloCUDA\LargeMatrixMultiplication\x64\Debug\MatMul_skeleton.cu.obj "C:\Users\82103\Downloads\MatMul_skeleton.cu" 
C:\Program Files\NVIDIA GPU Computing Toolkit\CUDA\v12.5\include\driver_types.h(1327): warning C4819: The file contains a character that cannot be represented in the current code page (949). Save the file in Unicode format to prevent data loss
C:\Program Files\NVIDIA GPU Computing Toolkit\CUDA\v12.5\include\driver_types.h(1327): warning C4819: The file contains a character that cannot be represented in the current code page (949). Save the file in Unicode format to prevent data loss
C:\Program Files\NVIDIA GPU Computing Toolkit\CUDA\v12.5\include\driver_types.h(1327): warning C4819: The file contains a character that cannot be represented in the current code page (949). Save the file in Unicode format to prevent data loss
C:\Program Files\NVIDIA GPU Computing Toolkit\CUDA\v12.5\include\driver_types.h(1327): warning C4819: The file contains a character that cannot be represented in the current code page (949). Save the file in Unicode format to prevent data loss
C:\Program Files\NVIDIA GPU Computing Toolkit\CUDA\v12.5\include\driver_types.h(1327): warning C4819: The file contains a character that cannot be represented in the current code page (949). Save the file in Unicode format to prevent data loss
C:\Program Files\NVIDIA GPU Computing Toolkit\CUDA\v12.5\include\cuda_runtime_api.h(11730): warning C4819: The file contains a character that cannot be represented in the current code page (949). Save the file in Unicode format to prevent data loss
C:\Program Files\NVIDIA GPU Computing Toolkit\CUDA\v12.5\include\cuda_runtime_api.h(11730): warning C4819: The file contains a character that cannot be represented in the current code page (949). Save the file in Unicode format to prevent data loss
C:\Program Files\NVIDIA GPU Computing Toolkit\CUDA\v12.5\include\driver_types.h(1327): warning C4819: The file contains a character that cannot be represented in the current code page (949). Save the file in Unicode format to prevent data loss
C:\Program Files\NVIDIA GPU Computing Toolkit\CUDA\v12.5\include\driver_types.h(1327): warning C4819: The file contains a character that cannot be represented in the current code page (949). Save the file in Unicode format to prevent data loss
C:\Program Files\NVIDIA GPU Computing Toolkit\CUDA\v12.5\include\cuda_runtime_api.h(11730): warning C4819: The file contains a character that cannot be represented in the current code page (949). Save the file in Unicode format to prevent data loss
C:\Program Files\NVIDIA GPU Computing Toolkit\CUDA\v12.5\include\cuda_runtime_api.h(11730): warning C4819: The file contains a character that cannot be represented in the current code page (949). Save the file in Unicode format to prevent data loss
C:\Program Files\NVIDIA GPU Computing Toolkit\CUDA\v12.5\include\driver_types.h(1327): warning C4819: The file contains a character that cannot be represented in the current code page (949). Save the file in Unicode format to prevent data loss
C:\Program Files\NVIDIA GPU Computing Toolkit\CUDA\v12.5\include\driver_types.h(1327): warning C4819: The file contains a character that cannot be represented in the current code page (949). Save the file in Unicode format to prevent data loss
C:\Program Files\NVIDIA GPU Computing Toolkit\CUDA\v12.5\include\driver_types.h(1327): warning C4819: The file contains a character that cannot be represented in the current code page (949). Save the file in Unicode format to prevent data loss
C:\Program Files\NVIDIA GPU Computing Toolkit\CUDA\v12.5\include\driver_types.h(1327): warning C4819: The file contains a character that cannot be represented in the current code page (949). Save the file in Unicode format to prevent data loss
C:\Program Files\NVIDIA GPU Computing Toolkit\CUDA\v12.5\include\driver_types.h(1327): warning C4819: The file contains a character that cannot be represented in the current code page (949). Save the file in Unicode format to prevent data loss
C:\Program Files\NVIDIA GPU Computing Toolkit\CUDA\v12.5\include\cuda_runtime_api.h(11730): warning C4819: The file contains a character that cannot be represented in the current code page (949). Save the file in Unicode format to prevent data loss
C:\Program Files\NVIDIA GPU Computing Toolkit\CUDA\v12.5\include\cuda_runtime_api.h(11730): warning C4819: The file contains a character that cannot be represented in the current code page (949). Save the file in Unicode format to prevent data loss
C:\Program Files\NVIDIA GPU Computing Toolkit\CUDA\v12.5\include\driver_types.h(1327): warning C4819: The file contains a character that cannot be represented in the current code page (949). Save the file in Unicode format to prevent data loss
C:\Program Files\NVIDIA GPU Computing Toolkit\CUDA\v12.5\include\driver_types.h(1327): warning C4819: The file contains a character that cannot be represented in the current code page (949). Save the file in Unicode format to prevent data loss
C:\Program Files\NVIDIA GPU Computing Toolkit\CUDA\v12.5\include\cuda_runtime_api.h(11730): warning C4819: The file contains a character that cannot be represented in the current code page (949). Save the file in Unicode format to prevent data loss
C:\Program Files\NVIDIA GPU Computing Toolkit\CUDA\v12.5\include\cuda_runtime_api.h(11730): warning C4819: The file contains a character that cannot be represented in the current code page (949). Save the file in Unicode format to prevent data loss
C:\Program Files\NVIDIA GPU Computing Toolkit\CUDA\v12.5\include\cuda_runtime_api.h(11730): warning C4819: The file contains a character that cannot be represented in the current code page (949). Save the file in Unicode format to prevent data loss
C:\Program Files\NVIDIA GPU Computing Toolkit\CUDA\v12.5\include\cuda_runtime_api.h(11730): warning C4819: The file contains a character that cannot be represented in the current code page (949). Save the file in Unicode format to prevent data loss
C:\Program Files\NVIDIA GPU Computing Toolkit\CUDA\v12.5\include\cuda_runtime_api.h(11730): warning C4819: The file contains a character that cannot be represented in the current code page (949). Save the file in Unicode format to prevent data loss
C:\Program Files\NVIDIA GPU Computing Toolkit\CUDA\v12.5\include\cuda_runtime_api.h(11730): warning C4819: The file contains a character that cannot be represented in the current code page (949). Save the file in Unicode format to prevent data loss
C:\Program Files\NVIDIA GPU Computing Toolkit\CUDA\v12.5\include\cuda_runtime_api.h(11730): warning C4819: The file contains a character that cannot be represented in the current code page (949). Save the file in Unicode format to prevent data loss
C:\Program Files\NVIDIA GPU Computing Toolkit\CUDA\v12.5\include\driver_types.h(1327): warning C4819: The file contains a character that cannot be represented in the current code page (949). Save the file in Unicode format to prevent data loss
C:\Program Files\NVIDIA GPU Computing Toolkit\CUDA\v12.5\include\driver_types.h(1327): warning C4819: The file contains a character that cannot be represented in the current code page (949). Save the file in Unicode format to prevent data loss
C:\Program Files\NVIDIA GPU Computing Toolkit\CUDA\v12.5\include\driver_types.h(1327): warning C4819: The file contains a character that cannot be represented in the current code page (949). Save the file in Unicode format to prevent data loss
C:\Program Files\NVIDIA GPU Computing Toolkit\CUDA\v12.5\include\cuda_runtime_api.h(11730): warning C4819: The file contains a character that cannot be represented in the current code page (949). Save the file in Unicode format to prevent data loss
C:\Program Files\NVIDIA GPU Computing Toolkit\CUDA\v12.5\include\cuda_runtime_api.h(11730): warning C4819: The file contains a character that cannot be represented in the current code page (949). Save the file in Unicode format to prevent data loss
C:\Program Files\NVIDIA GPU Computing Toolkit\CUDA\v12.5\include\driver_types.h(1327): warning C4819: The file contains a character that cannot be represented in the current code page (949). Save the file in Unicode format to prevent data loss
C:\Program Files\NVIDIA GPU Computing Toolkit\CUDA\v12.5\include\driver_types.h(1327): warning C4819: The file contains a character that cannot be represented in the current code page (949). Save the file in Unicode format to prevent data loss
C:\Program Files\NVIDIA GPU Computing Toolkit\CUDA\v12.5\include\driver_types.h(1327): warning C4819: The file contains a character that cannot be represented in the current code page (949). Save the file in Unicode format to prevent data loss
C:\Program Files\NVIDIA GPU Computing Toolkit\CUDA\v12.5\include\driver_types.h(1327): warning C4819: The file contains a character that cannot be represented in the current code page (949). Save the file in Unicode format to prevent data loss
C:\Program Files\NVIDIA GPU Computing Toolkit\CUDA\v12.5\include\driver_types.h(1327): warning C4819: The file contains a character that cannot be represented in the current code page (949). Save the file in Unicode format to prevent data loss
C:\Program Files\NVIDIA GPU Computing Toolkit\CUDA\v12.5\include\cuda_runtime_api.h(11730): warning C4819: The file contains a character that cannot be represented in the current code page (949). Save the file in Unicode format to prevent data loss
C:\Program Files\NVIDIA GPU Computing Toolkit\CUDA\v12.5\include\cuda_runtime_api.h(11730): warning C4819: The file contains a character that cannot be represented in the current code page (949). Save the file in Unicode format to prevent data loss
C:\Program Files\NVIDIA GPU Computing Toolkit\CUDA\v12.5\include\driver_types.h(1327): warning C4819: The file contains a character that cannot be represented in the current code page (949). Save the file in Unicode format to prevent data loss
C:\Program Files\NVIDIA GPU Computing Toolkit\CUDA\v12.5\include\driver_types.h(1327): warning C4819: The file contains a character that cannot be represented in the current code page (949). Save the file in Unicode format to prevent data loss
C:\Program Files\NVIDIA GPU Computing Toolkit\CUDA\v12.5\include\cuda_runtime_api.h(11730): warning C4819: The file contains a character that cannot be represented in the current code page (949). Save the file in Unicode format to prevent data loss
C:\Program Files\NVIDIA GPU Computing Toolkit\CUDA\v12.5\include\cuda_runtime_api.h(11730): warning C4819: The file contains a character that cannot be represented in the current code page (949). Save the file in Unicode format to prevent data loss
C:\Program Files\NVIDIA GPU Computing Toolkit\CUDA\v12.5\include\driver_types.h(1327): warning C4819: The file contains a character that cannot be represented in the current code page (949). Save the file in Unicode format to prevent data loss
C:\Program Files\NVIDIA GPU Computing Toolkit\CUDA\v12.5\include\driver_types.h(1327): warning C4819: The file contains a character that cannot be represented in the current code page (949). Save the file in Unicode format to prevent data loss
C:\Program Files\NVIDIA GPU Computing Toolkit\CUDA\v12.5\include\driver_types.h(1327): warning C4819: The file contains a character that cannot be represented in the current code page (949). Save the file in Unicode format to prevent data loss
C:\Program Files\NVIDIA GPU Computing Toolkit\CUDA\v12.5\include\driver_types.h(1327): warning C4819: The file contains a character that cannot be represented in the current code page (949). Save the file in Unicode format to prevent data loss
C:\Program Files\NVIDIA GPU Computing Toolkit\CUDA\v12.5\include\driver_types.h(1327): warning C4819: The file contains a character that cannot be represented in the current code page (949). Save the file in Unicode format to prevent data loss
C:\Program Files\NVIDIA GPU Computing Toolkit\CUDA\v12.5\include\cuda_runtime_api.h(11730): warning C4819: The file contains a character that cannot be represented in the current code page (949). Save the file in Unicode format to prevent data loss
C:\Program Files\NVIDIA GPU Computing Toolkit\CUDA\v12.5\include\cuda_runtime_api.h(11730): warning C4819: The file contains a character that cannot be represented in the current code page (949). Save the file in Unicode format to prevent data loss
C:\Program Files\NVIDIA GPU Computing Toolkit\CUDA\v12.5\include\cuda_runtime_api.h(11730): warning C4819: The file contains a character that cannot be represented in the current code page (949). Save the file in Unicode format to prevent data loss
C:\Program Files\NVIDIA GPU Computing Toolkit\CUDA\v12.5\include\cuda_runtime_api.h(11730): warning C4819: The file contains a character that cannot be represented in the current code page (949). Save the file in Unicode format to prevent data loss
C:\Program Files\NVIDIA GPU Computing Toolkit\CUDA\v12.5\include\driver_types.h(1327): warning C4819: The file contains a character that cannot be represented in the current code page (949). Save the file in Unicode format to prevent data loss
C:\Program Files\NVIDIA GPU Computing Toolkit\CUDA\v12.5\include\driver_types.h(1327): warning C4819: The file contains a character that cannot be represented in the current code page (949). Save the file in Unicode format to prevent data loss
C:\Program Files\NVIDIA GPU Computing Toolkit\CUDA\v12.5\include\cuda_runtime_api.h(11730): warning C4819: The file contains a character that cannot be represented in the current code page (949). Save the file in Unicode format to prevent data loss
C:\Program Files\NVIDIA GPU Computing Toolkit\CUDA\v12.5\include\cuda_runtime_api.h(11730): warning C4819: The file contains a character that cannot be represented in the current code page (949). Save the file in Unicode format to prevent data loss
C:\Program Files\NVIDIA GPU Computing Toolkit\CUDA\v12.5\include\cuda_runtime_api.h(11730): warning C4819: The file contains a character that cannot be represented in the current code page (949). Save the file in Unicode format to prevent data loss
C:\Program Files\NVIDIA GPU Computing Toolkit\CUDA\v12.5\include\cuda_runtime_api.h(11730): warning C4819: The file contains a character that cannot be represented in the current code page (949). Save the file in Unicode format to prevent data loss
C:\Program Files\NVIDIA GPU Computing Toolkit\CUDA\v12.5\include\cuda_runtime_api.h(11730): warning C4819: The file contains a character that cannot be represented in the current code page (949). Save the file in Unicode format to prevent data loss
C:\Program Files\NVIDIA GPU Computing Toolkit\CUDA\v12.5\include\cuda_runtime_api.h(11730): warning C4819: The file contains a character that cannot be represented in the current code page (949). Save the file in Unicode format to prevent data loss
C:\Program Files\NVIDIA GPU Computing Toolkit\CUDA\v12.5\include\cuda_runtime_api.h(11730): warning C4819: The file contains a character that cannot be represented in the current code page (949). Save the file in Unicode format to prevent data loss
C:\Program Files\NVIDIA GPU Computing Toolkit\CUDA\v12.5\include\cuda_runtime_api.h(11730): warning C4819: The file contains a character that cannot be represented in the current code page (949). Save the file in Unicode format to prevent data loss
C:\Program Files\NVIDIA GPU Computing Toolkit\CUDA\v12.5\include\cuda_runtime_api.h(11730): warning C4819: The file contains a character that cannot be represented in the current code page (949). Save the file in Unicode format to prevent data loss
C:\Program Files\NVIDIA GPU Computing Toolkit\CUDA\v12.5\include\cuda_runtime_api.h(11730): warning C4819: The file contains a character that cannot be represented in the current code page (949). Save the file in Unicode format to prevent data loss
C:\Program Files\NVIDIA GPU Computing Toolkit\CUDA\v12.5\include\cuda_runtime_api.h(11730): warning C4819: The file contains a character that cannot be represented in the current code page (949). Save the file in Unicode format to prevent data loss
C:\Program Files\NVIDIA GPU Computing Toolkit\CUDA\v12.5\include\cuda_runtime_api.h(11730): warning C4819: The file contains a character that cannot be represented in the current code page (949). Save the file in Unicode format to prevent data loss
  MatMul_skeleton.cu
  tmpxft_00005f48_00000000-7_MatMul_skeleton.cudafe1.cpp
C:\Program Files\NVIDIA GPU Computing Toolkit\CUDA\v12.5\include\driver_types.h(1327): warning C4819: The file contains a character that cannot be represented in the current code page (949). Save the file in Unicode format to prevent data loss
C:\Program Files\NVIDIA GPU Computing Toolkit\CUDA\v12.5\include\driver_types.h(1327): warning C4819: The file contains a character that cannot be represented in the current code page (949). Save the file in Unicode format to prevent data loss
C:\Program Files\NVIDIA GPU Computing Toolkit\CUDA\v12.5\include\driver_types.h(1327): warning C4819: The file contains a character that cannot be represented in the current code page (949). Save the file in Unicode format to prevent data loss
C:\Users\82103\Downloads\MatMul_skeleton.cu(73): warning C4244: '=': conversion from 'double' to 'float', possible loss of data
C:\Users\82103\Downloads\MatMul_skeleton.cu(74): warning C4244: '=': conversion from 'double' to 'float', possible loss of data
C:\Users\82103\Downloads\MatMul_skeleton.cu(115): warning C4244: 'argument': conversion from 'float' to 'unsigned int', possible loss of data
C:\Users\82103\Downloads\MatMul_skeleton.cu(115): warning C4244: 'argument': conversion from 'float' to 'unsigned int', possible loss of data
  LargeMatrixMultiplication.vcxproj -> C:\Users\82103\source\repos\HelloCUDA\x64\Debug\LargeMatrixMultiplication.exe
